2024-11-26T20:14:25.606Z [INFO]: Server is running on http://localhost:4000
2024-11-26T20:14:30.517Z [INFO]: Server is running on http://localhost:4000
2024-11-26T20:14:41.480Z [INFO]: Server is running on http://localhost:4000
2024-11-26T20:15:33.689Z [INFO]: Server is running on http://localhost:4000
2024-11-26T20:22:27.648Z [INFO]: Server is running on http://localhost:4000
2024-11-26T20:23:26.901Z [INFO]: Server is running on http://localhost:4000
2024-11-26T20:37:01.431Z [INFO]: Server is running on http://localhost:4000
2024-11-26T20:37:24.719Z [INFO]: Server is running on http://localhost:4000
2024-11-26T20:38:06.613Z [INFO]: Server is running on http://localhost:4000
2024-11-26T20:38:40.996Z [INFO]: Server is running on http://localhost:4000
2024-11-27T00:32:58.002Z [INFO]: Server is running on http://localhost:4000
2024-11-27T00:33:36.176Z [INFO]: Server is running on http://localhost:4000
2024-11-27T02:06:35.182Z [INFO]: Server is running on http://localhost:4000
2024-11-27T02:17:33.753Z [INFO]: Server is running on http://localhost:4000
2024-11-27T02:18:43.638Z [INFO]: Server is running on http://localhost:4000
2024-11-27T02:23:53.969Z [INFO]: Server is running on http://localhost:4000
2024-11-27T02:24:13.963Z [INFO]: Server is running on http://localhost:4000
2024-11-27T02:24:20.121Z [INFO]: Server is running on http://localhost:4000
2024-11-27T02:24:25.962Z [INFO]: Server is running on http://localhost:4000
2024-11-27T02:40:52.348Z [INFO]: Server is running on http://localhost:4000
2024-11-27T02:41:04.194Z [INFO]: Server is running on http://localhost:4000
2024-11-27T04:31:32.997Z [INFO]: Server is running on http://localhost:4000
2024-11-27T04:31:53.334Z [INFO]: Server is running on http://localhost:4000
2024-11-27T04:36:01.864Z [INFO]: Server is running on http://localhost:4000
2024-11-27T04:39:12.851Z [INFO]: Server is running on http://localhost:4000
2024-11-27T04:39:28.956Z [INFO]: Server is running on http://localhost:4000
2024-11-27T04:39:38.277Z [INFO]: Server is running on http://localhost:4000
2024-11-27T06:52:49.078Z [INFO]: Server is running on http://localhost:4000
2024-11-27T06:56:50.852Z [INFO]: Server is running on http://localhost:4000
2024-11-27T06:56:57.281Z [INFO]: Server is running on http://localhost:4000
2024-11-27T06:57:48.136Z [INFO]: Server is running on http://localhost:4000
2024-11-27T07:00:30.159Z [INFO]: Server is running on http://localhost:4000
2024-11-27T07:01:11.826Z [INFO]: Server is running on http://localhost:4000
2024-11-27T07:03:50.454Z [INFO]: Server is running on http://localhost:4000
2024-11-27T07:04:23.277Z [INFO]: Server is running on http://localhost:4000
2024-11-27T07:06:27.186Z [INFO]: Server is running on http://localhost:4000
2024-11-27T07:14:11.286Z [INFO]: Server is running on http://localhost:4000
2024-11-27T07:16:23.603Z [INFO]: Server is running on http://localhost:4000
2024-11-27T07:20:30.089Z [INFO]: Server is running on http://localhost:4000
2024-11-27T07:21:15.246Z [INFO]: Server is running on http://localhost:4000
2024-11-27T07:21:23.270Z [INFO]: Server is running on http://localhost:4000
2024-11-27T07:30:25.751Z [INFO]: Server is running on http://localhost:4000
2024-11-27T07:50:27.824Z [INFO]: Server is running on http://localhost:4000
2024-11-29T06:12:21.902Z [INFO]: Server is running on http://localhost:4000
2024-11-29T06:23:42.886Z [INFO]: Server is running on http://localhost:4000
2024-11-29T06:28:45.903Z [INFO]: Server is running on http://localhost:4000
2024-11-29T06:29:11.681Z [INFO]: Server is running on http://localhost:4000
2024-11-29T06:30:38.361Z [INFO]: Server is running on http://localhost:4000
2024-11-29T06:30:58.379Z [INFO]: Server is running on http://localhost:4000
2024-11-29T06:31:01.541Z [INFO]: Server is running on http://localhost:4000
2024-11-29T06:31:26.613Z [INFO]: Server is running on http://localhost:4000
2024-11-29T06:33:07.620Z [INFO]: Server is running on http://localhost:4000
2024-11-29T06:33:20.781Z [INFO]: Server is running on http://localhost:4000
2024-11-29T06:34:34.247Z [ERROR]: SyntaxError: Bad control character in string literal in JSON at position 60 (line 3 column 29)
    at JSON.parse (<anonymous>)
    at parse (G:\AllorNothing\backend\node_modules\body-parser\lib\types\json.js:92:19)
    at G:\AllorNothing\backend\node_modules\body-parser\lib\read.js:128:18
    at AsyncResource.runInAsyncScope (node:async_hooks:211:14)
    at invokeCallback (G:\AllorNothing\backend\node_modules\raw-body\index.js:238:16)
    at done (G:\AllorNothing\backend\node_modules\raw-body\index.js:227:7)
    at IncomingMessage.onEnd (G:\AllorNothing\backend\node_modules\raw-body\index.js:287:7)
    at IncomingMessage.emit (node:events:518:28)
    at endReadableNT (node:internal/streams/readable:1698:12)
    at processTicksAndRejections (node:internal/process/task_queues:90:21)
2024-11-29T06:36:50.734Z [INFO]: Server is running on http://localhost:4000
2024-11-29T07:42:10.292Z [INFO]: Server is running on http://localhost:4000
2024-11-29T07:48:00.761Z [INFO]: Server is running on http://localhost:4000
2024-11-29T07:50:37.824Z [INFO]: Server is running on http://localhost:4000
2024-11-29T07:51:22.288Z [INFO]: Server is running on http://localhost:4000
2024-11-29T07:51:26.541Z [INFO]: Server is running on http://localhost:4000
2024-11-29T07:52:07.827Z [INFO]: Server is running on http://localhost:4000
2024-11-29T07:52:21.007Z [INFO]: Server is running on http://localhost:4000
2024-11-29T07:53:58.122Z [INFO]: Server is running on http://localhost:4000
2024-11-29T07:54:27.278Z [INFO]: Server is running on http://localhost:4000
2024-11-29T07:54:47.848Z [INFO]: Server is running on http://localhost:4000
2024-11-29T07:54:52.069Z [INFO]: Server is running on http://localhost:4000
2024-11-29T07:55:17.565Z [INFO]: Server is running on http://localhost:4000
2024-11-29T07:55:18.611Z [INFO]: Server is running on http://localhost:4000
2024-11-29T07:59:02.249Z [INFO]: Server is running on http://localhost:4000
2024-11-29T07:59:36.762Z [INFO]: Server is running on http://localhost:4000
2024-11-29T07:59:46.747Z [INFO]: Server is running on http://localhost:4000
2024-11-29T08:00:21.012Z [INFO]: Server is running on http://localhost:4000
2024-11-29T08:00:54.288Z [INFO]: Server is running on http://localhost:4000
2024-11-29T08:01:10.334Z [INFO]: Server is running on http://localhost:4000
2024-11-29T08:03:15.330Z [INFO]: Server is running on http://localhost:4000
2024-11-29T08:03:22.979Z [INFO]: Server is running on http://localhost:4000
2024-11-29T08:04:18.463Z [INFO]: Server is running on http://localhost:4000
2024-11-29T08:16:26.586Z [INFO]: Server is running on http://localhost:4000
2024-11-29T18:54:51.103Z [INFO]: Server is running on http://localhost:4000
2024-11-29T18:56:24.659Z [INFO]: Server is running on http://localhost:4000
2024-11-29T18:58:08.558Z [INFO]: Server is running on http://localhost:4000
2024-11-29T18:59:48.201Z [INFO]: Server is running on http://localhost:4000
2024-11-29T23:43:26.042Z [INFO]: Server is running on http://localhost:4000
2024-11-30T01:22:55.153Z [INFO]: Server is running on http://localhost:4000
2024-11-30T03:23:10.660Z [INFO]: Server is running on http://localhost:4000
2024-11-30T03:23:25.038Z [INFO]: Server is running on http://localhost:4000
2024-11-30T03:23:32.475Z [INFO]: Server is running on http://localhost:4000
2024-11-30T03:25:41.918Z [INFO]: Server is running on http://localhost:4000
2024-11-30T03:26:35.560Z [INFO]: Server is running on http://localhost:4000
2024-11-30T03:27:26.733Z [INFO]: Server is running on http://localhost:4000
2024-11-30T03:27:34.194Z [INFO]: Server is running on http://localhost:4000
2024-11-30T03:27:54.649Z [INFO]: Server is running on http://localhost:4000
2024-11-30T03:28:31.210Z [INFO]: Server is running on http://localhost:4000
2024-11-30T03:29:37.407Z [INFO]: Server is running on http://localhost:4000
2024-11-30T03:39:05.377Z [INFO]: Server is running on http://localhost:4000
2024-11-30T06:11:07.408Z [INFO]: Server is running on http://localhost:4000
